<?xml version="1.0" encoding="UTF-8"?>
<!-- Generated by org.testng.reporters.JUnitReportReporter -->
<testsuite skipped="0" hostname="DESKTOP-7E2E9OD" name="com.amazon.runners.TestRunner" tests="1" failures="0" timestamp="18 Feb 2021 21:42:35 GMT" time="303.246" errors="0">
  <testcase name="feature" time="303.246" classname="com.amazon.runners.TestRunner"/>
</testsuite> <!-- com.amazon.runners.TestRunner -->
